<?xml version="1.0" encoding="UTF-8"?>
<coverage generated="1710530325166" clover="3.2.0">
  <project timestamp="1710530325166" name="All files">
    <metrics statements="47" coveredstatements="45" conditionals="0" coveredconditionals="0" methods="2" coveredmethods="0" elements="49" coveredelements="45" complexity="0" loc="47" ncloc="47" packages="2" files="2" classes="2"/>
    <package name="src">
      <metrics statements="29" coveredstatements="27" conditionals="0" coveredconditionals="0" methods="2" coveredmethods="0"/>
      <file name="app.js" path="/Users/stephchen/VisualStudioProgram/IFRC_WhatNow/src/app.js">
        <metrics statements="29" coveredstatements="27" conditionals="0" coveredconditionals="0" methods="2" coveredmethods="0"/>
        <line num="1" count="2" type="stmt"/>
        <line num="2" count="2" type="stmt"/>
        <line num="3" count="2" type="stmt"/>
        <line num="4" count="2" type="stmt"/>
        <line num="5" count="2" type="stmt"/>
        <line num="6" count="2" type="stmt"/>
        <line num="7" count="2" type="stmt"/>
        <line num="8" count="2" type="stmt"/>
        <line num="9" count="2" type="stmt"/>
        <line num="11" count="2" type="stmt"/>
        <line num="13" count="2" type="stmt"/>
        <line num="16" count="2" type="stmt"/>
        <line num="17" count="2" type="stmt"/>
        <line num="20" count="2" type="stmt"/>
        <line num="21" count="2" type="stmt"/>
        <line num="23" count="2" type="stmt"/>
        <line num="25" count="2" type="stmt"/>
        <line num="26" count="2" type="stmt"/>
        <line num="29" count="2" type="stmt"/>
        <line num="30" count="2" type="stmt"/>
        <line num="32" count="2" type="stmt"/>
        <line num="33" count="0" type="stmt"/>
        <line num="35" count="2" type="stmt"/>
        <line num="38" count="2" type="stmt"/>
        <line num="39" count="0" type="stmt"/>
        <line num="43" count="2" type="stmt"/>
        <line num="46" count="2" type="stmt"/>
        <line num="47" count="2" type="stmt"/>
        <line num="59" count="2" type="stmt"/>
      </file>
    </package>
    <package name="src.route">
      <metrics statements="18" coveredstatements="18" conditionals="0" coveredconditionals="0" methods="0" coveredmethods="0"/>
      <file name="authRoute.js" path="/Users/stephchen/VisualStudioProgram/IFRC_WhatNow/src/route/authRoute.js">
        <metrics statements="18" coveredstatements="18" conditionals="0" coveredconditionals="0" methods="0" coveredmethods="0"/>
        <line num="1" count="2" type="stmt"/>
        <line num="2" count="2" type="stmt"/>
        <line num="3" count="2" type="stmt"/>
        <line num="4" count="2" type="stmt"/>
        <line num="5" count="2" type="stmt"/>
        <line num="7" count="2" type="stmt"/>
        <line num="8" count="2" type="stmt"/>
        <line num="10" count="2" type="stmt"/>
        <line num="11" count="2" type="stmt"/>
        <line num="12" count="2" type="stmt"/>
        <line num="13" count="2" type="stmt"/>
        <line num="112" count="2" type="stmt"/>
        <line num="178" count="2" type="stmt"/>
        <line num="291" count="2" type="stmt"/>
        <line num="313" count="2" type="stmt"/>
        <line num="417" count="2" type="stmt"/>
        <line num="528" count="2" type="stmt"/>
        <line num="535" count="2" type="stmt"/>
      </file>
    </package>
  </project>
</coverage>
