{"/Users/stephchen/VisualStudioProgram/IFRC_WhatNow/src/app.js": {"path":"/Users/stephchen/VisualStudioProgram/IFRC_WhatNow/src/app.js","statementMap":{"0":{"start":{"line":1,"column":16},"end":{"line":1,"column":34}},"1":{"start":{"line":2,"column":13},"end":{"line":2,"column":28}},"2":{"start":{"line":3,"column":17},"end":{"line":3,"column":36}},"3":{"start":{"line":4,"column":19},"end":{"line":4,"column":41}},"4":{"start":{"line":5,"column":15},"end":{"line":5,"column":33}},"5":{"start":{"line":6,"column":24},"end":{"line":6,"column":52}},"6":{"start":{"line":7,"column":41},"end":{"line":7,"column":71}},"7":{"start":{"line":8,"column":17},"end":{"line":8,"column":44}},"8":{"start":{"line":9,"column":15},"end":{"line":9,"column":34}},"9":{"start":{"line":11,"column":0},"end":{"line":11,"column":32}},"10":{"start":{"line":13,"column":12},"end":{"line":13,"column":21}},"11":{"start":{"line":16,"column":21},"end":{"line":16,"column":47}},"12":{"start":{"line":17,"column":0},"end":{"line":17,"column":19}},"13":{"start":{"line":20,"column":0},"end":{"line":20,"column":16}},"14":{"start":{"line":21,"column":0},"end":{"line":21,"column":25}},"15":{"start":{"line":23,"column":0},"end":{"line":23,"column":53}},"16":{"start":{"line":25,"column":0},"end":{"line":25,"column":48}},"17":{"start":{"line":26,"column":0},"end":{"line":26,"column":24}},"18":{"start":{"line":29,"column":0},"end":{"line":29,"column":31}},"19":{"start":{"line":30,"column":0},"end":{"line":30,"column":33}},"20":{"start":{"line":32,"column":0},"end":{"line":34,"column":3}},"21":{"start":{"line":33,"column":4},"end":{"line":33,"column":61}},"22":{"start":{"line":35,"column":0},"end":{"line":35,"column":24}},"23":{"start":{"line":38,"column":0},"end":{"line":40,"column":3}},"24":{"start":{"line":39,"column":4},"end":{"line":39,"column":58}},"25":{"start":{"line":43,"column":0},"end":{"line":43,"column":24}},"26":{"start":{"line":46,"column":0},"end":{"line":46,"column":22}},"27":{"start":{"line":47,"column":11},"end":{"line":47,"column":30}},"28":{"start":{"line":59,"column":0},"end":{"line":59,"column":21}}},"fnMap":{"0":{"name":"(anonymous_0)","decl":{"start":{"line":32,"column":13},"end":{"line":32,"column":14}},"loc":{"start":{"line":32,"column":33},"end":{"line":34,"column":1}},"line":32},"1":{"name":"(anonymous_1)","decl":{"start":{"line":38,"column":8},"end":{"line":38,"column":9}},"loc":{"start":{"line":38,"column":28},"end":{"line":40,"column":1}},"line":38}},"branchMap":{},"s":{"0":2,"1":2,"2":2,"3":2,"4":2,"5":2,"6":2,"7":2,"8":2,"9":2,"10":2,"11":2,"12":2,"13":2,"14":2,"15":2,"16":2,"17":2,"18":2,"19":2,"20":2,"21":0,"22":2,"23":2,"24":0,"25":2,"26":2,"27":2,"28":2},"f":{"0":0,"1":0},"b":{},"_coverageSchema":"1a1c01bbd47fc00a2c39e90264f33305004495a9","hash":"93d2977b1f40381e09a043becec8c68e4c410f90"}
,"/Users/stephchen/VisualStudioProgram/IFRC_WhatNow/src/route/authRoute.js": {"path":"/Users/stephchen/VisualStudioProgram/IFRC_WhatNow/src/route/authRoute.js","statementMap":{"0":{"start":{"line":1,"column":16},"end":{"line":1,"column":34}},"1":{"start":{"line":2,"column":23},"end":{"line":2,"column":63}},"2":{"start":{"line":3,"column":27},"end":{"line":3,"column":71}},"3":{"start":{"line":4,"column":22},"end":{"line":4,"column":59}},"4":{"start":{"line":5,"column":26},"end":{"line":5,"column":67}},"5":{"start":{"line":7,"column":15},"end":{"line":7,"column":31}},"6":{"start":{"line":8,"column":13},"end":{"line":8,"column":43}},"7":{"start":{"line":10,"column":23},"end":{"line":10,"column":43}},"8":{"start":{"line":11,"column":27},"end":{"line":11,"column":51}},"9":{"start":{"line":12,"column":22},"end":{"line":12,"column":41}},"10":{"start":{"line":13,"column":26},"end":{"line":13,"column":49}},"11":{"start":{"line":112,"column":0},"end":{"line":112,"column":85}},"12":{"start":{"line":178,"column":0},"end":{"line":178,"column":91}},"13":{"start":{"line":291,"column":0},"end":{"line":291,"column":78}},"14":{"start":{"line":313,"column":0},"end":{"line":313,"column":46}},"15":{"start":{"line":417,"column":0},"end":{"line":422,"column":2}},"16":{"start":{"line":528,"column":0},"end":{"line":533,"column":1}},"17":{"start":{"line":535,"column":0},"end":{"line":535,"column":24}}},"fnMap":{},"branchMap":{},"s":{"0":2,"1":2,"2":2,"3":2,"4":2,"5":2,"6":2,"7":2,"8":2,"9":2,"10":2,"11":2,"12":2,"13":2,"14":2,"15":2,"16":2,"17":2},"f":{},"b":{},"_coverageSchema":"1a1c01bbd47fc00a2c39e90264f33305004495a9","hash":"b28738c13973de68fcf75481be9fdf2fac81cb48"}
}
