TN:
SF:src/app.js
FN:32,(anonymous_0)
FN:38,(anonymous_1)
FNF:2
FNH:0
FNDA:0,(anonymous_0)
FNDA:0,(anonymous_1)
DA:1,2
DA:2,2
DA:3,2
DA:4,2
DA:5,2
DA:6,2
DA:7,2
DA:8,2
DA:9,2
DA:11,2
DA:13,2
DA:16,2
DA:17,2
DA:20,2
DA:21,2
DA:23,2
DA:25,2
DA:26,2
DA:29,2
DA:30,2
DA:32,2
DA:33,0
DA:35,2
DA:38,2
DA:39,0
DA:43,2
DA:46,2
DA:47,2
DA:59,2
LF:29
LH:27
BRF:0
BRH:0
end_of_record
TN:
SF:src/route/authRoute.js
FNF:0
FNH:0
DA:1,2
DA:2,2
DA:3,2
DA:4,2
DA:5,2
DA:7,2
DA:8,2
DA:10,2
DA:11,2
DA:12,2
DA:13,2
DA:112,2
DA:178,2
DA:291,2
DA:313,2
DA:417,2
DA:528,2
DA:535,2
LF:18
LH:18
BRF:0
BRH:0
end_of_record
